<?xml version="1.0" encoding="UTF-8"?>
<!-- Generated by org.testng.reporters.JUnitReportReporter -->
<testsuite skipped="0" hostname="DESKTOP-HB6M1H3" name="com.employeeapi.testcase.TC001_Get_All_Employees" tests="8" failures="0" timestamp="20 Aug 2019 12:05:34 GMT" time="0.253" errors="0">
  <testcase name="checkContentType" time="0.006" classname="com.employeeapi.testcase.TC001_Get_All_Employees"/>
  <testcase name="checkStatusLine" time="0.009" classname="com.employeeapi.testcase.TC001_Get_All_Employees"/>
  <testcase name="checkResponseTime" time="0.014" classname="com.employeeapi.testcase.TC001_Get_All_Employees"/>
  <testcase name="checkCookies" time="0.005" classname="com.employeeapi.testcase.TC001_Get_All_Employees"/>
  <testcase name="checkserverType" time="0.011" classname="com.employeeapi.testcase.TC001_Get_All_Employees"/>
  <testcase name="checkStatusCode" time="0.009" classname="com.employeeapi.testcase.TC001_Get_All_Employees"/>
  <testcase name="checkContentLength" time="0.194" classname="com.employeeapi.testcase.TC001_Get_All_Employees"/>
  <testcase name="checkResponsebody" time="0.005" classname="com.employeeapi.testcase.TC001_Get_All_Employees"/>
</testsuite> <!-- com.employeeapi.testcase.TC001_Get_All_Employees -->
