<?xml version="1.0" encoding="UTF-8"?>
<!-- Generated by org.testng.reporters.JUnitReportReporter -->
<testsuite skipped="0" hostname="DESKTOP-HB6M1H3" name="com.employeeapi.testcase.TC002_Get_Single_Employee_Record" tests="8" failures="0" timestamp="20 Aug 2019 12:05:34 GMT" time="0.063" errors="0">
  <testcase name="checkResponsebody" time="0.028" classname="com.employeeapi.testcase.TC002_Get_Single_Employee_Record"/>
  <testcase name="checkResponseTime" time="0.004" classname="com.employeeapi.testcase.TC002_Get_Single_Employee_Record"/>
  <testcase name="checkStatusLine" time="0.004" classname="com.employeeapi.testcase.TC002_Get_Single_Employee_Record"/>
  <testcase name="checkContentLength" time="0.008" classname="com.employeeapi.testcase.TC002_Get_Single_Employee_Record"/>
  <testcase name="checkStatusCode" time="0.004" classname="com.employeeapi.testcase.TC002_Get_Single_Employee_Record"/>
  <testcase name="checkContentType" time="0.008" classname="com.employeeapi.testcase.TC002_Get_Single_Employee_Record"/>
  <testcase name="checkserverType" time="0.003" classname="com.employeeapi.testcase.TC002_Get_Single_Employee_Record"/>
  <testcase name="checkCookies" time="0.004" classname="com.employeeapi.testcase.TC002_Get_Single_Employee_Record"/>
</testsuite> <!-- com.employeeapi.testcase.TC002_Get_Single_Employee_Record -->
